<?xml version="1.0" encoding="utf-8"?><testsuites name="pytest tests"><testsuite name="pytest" errors="0" failures="0" skipped="0" tests="15" time="2.714" timestamp="2026-04-23T12:48:16.291190+00:00" hostname="agent-env-9febb044-e58d-4f2c-8fd7-45f8f9ad7fc9"><testcase classname="backend.tests.test_iteration9" name="test_updates_default_limit_6" time="0.247" /><testcase classname="backend.tests.test_iteration9" name="test_updates_limit_clamped" time="0.136" /><testcase classname="backend.tests.test_iteration9" name="test_pricing_default_usd" time="0.110" /><testcase classname="backend.tests.test_iteration9" name="test_pricing_inr" time="0.102" /><testcase classname="backend.tests.test_iteration9" name="test_pricing_eur" time="0.168" /><testcase classname="backend.tests.test_iteration9" name="test_pricing_gbp" time="0.109" /><testcase classname="backend.tests.test_iteration9" name="test_pricing_invalid_currency_falls_back_usd" time="0.112" /><testcase classname="backend.tests.test_iteration9" name="test_quiz_submit_with_uk_co" time="0.133" /><testcase classname="backend.tests.test_iteration9" name="test_quiz_submit_invalid_jurisdictions_filtered" time="0.099" /><testcase classname="backend.tests.test_iteration9" name="test_quiz_submit_without_jurisdictions_regression" time="0.108" /><testcase classname="backend.tests.test_iteration9" name="test_report_bundle_has_jurisdiction_findings" time="0.325" /><testcase classname="backend.tests.test_iteration9" name="test_report_pro_tier_strips_jurisdictions" time="0.362" /><testcase classname="backend.tests.test_iteration9" name="test_report_starter_tier_strips_jurisdictions" time="0.321" /><testcase classname="backend.tests.test_iteration9" name="test_stats_regression" time="0.108" /><testcase classname="backend.tests.test_iteration9" name="test_recover_regression" time="0.115" /></testsuite></testsuites>