<?xml version="1.0" encoding="utf-8"?><testsuites name="pytest tests"><testsuite name="pytest" errors="0" failures="0" skipped="0" tests="41" time="14.825" timestamp="2026-04-23T12:04:36.416117+00:00" hostname="agent-env-9febb044-e58d-4f2c-8fd7-45f8f9ad7fc9"><testcase classname="backend.tests.test_backend" name="test_root" time="0.217" /><testcase classname="backend.tests.test_backend" name="test_quiz_classification[overrides0-prohibited]" time="0.131" /><testcase classname="backend.tests.test_backend" name="test_quiz_classification[overrides1-high_risk]" time="0.108" /><testcase classname="backend.tests.test_backend" name="test_quiz_classification[overrides2-gpai]" time="0.096" /><testcase classname="backend.tests.test_backend" name="test_quiz_classification[overrides3-limited]" time="0.103" /><testcase classname="backend.tests.test_backend" name="test_quiz_classification[overrides4-minimal]" time="0.150" /><testcase classname="backend.tests.test_backend" name="test_quiz_classification[overrides5-minimal]" time="0.097" /><testcase classname="backend.tests.test_backend" name="test_get_result_persistence" time="0.167" /><testcase classname="backend.tests.test_backend" name="test_get_result_404" time="0.111" /><testcase classname="backend.tests.test_backend" name="test_dpdp_findings" time="0.097" /><testcase classname="backend.tests.test_backend" name="test_dpdp_disabled_no_findings" time="0.153" /><testcase classname="backend.tests.test_backend" name="test_report_requires_payment" time="0.153" /><testcase classname="backend.tests.test_backend" name="test_checkout_and_full_report_high_risk" time="0.207" /><testcase classname="backend.tests.test_backend" name="test_fria_none_for_non_high_risk" time="0.230" /><testcase classname="backend.tests.test_backend" name="test_checkout_invalid_session" time="0.095" /><testcase classname="backend.tests.test_backend" name="test_subscribe" time="0.109" /><testcase classname="backend.tests.test_backend" name="test_subscribe_invalid_email" time="0.101" /><testcase classname="backend.tests.test_rate_limits" name="test_cors_allowed_origin_ok" time="0.002" /><testcase classname="backend.tests.test_rate_limits" name="test_cors_disallowed_origin_rejected" time="0.001" /><testcase classname="backend.tests.test_rate_limits" name="test_subscribe_rate_limit_429" time="0.734" /><testcase classname="backend.tests.test_rate_limits" name="test_quiz_submit_rate_limit_429" time="2.570" /><testcase classname="backend.tests.test_rate_limits" name="test_recover_rate_limit_429" time="0.561" /><testcase classname="backend.tests.test_recover" name="test_recover_returns_paid_sessions" time="1.001" /><testcase classname="backend.tests.test_recover" name="test_recover_excludes_unpaid_sessions" time="0.433" /><testcase classname="backend.tests.test_recover" name="test_recover_nonexistent_email_returns_empty" time="0.114" /><testcase classname="backend.tests.test_recover" name="test_recover_max_5_sorted_desc" time="1.578" /><testcase classname="backend.tests.test_recover" name="test_recover_invalid_email_422" time="0.121" /><testcase classname="backend.tests.test_recover" name="test_recover_email_mismatch_returns_empty" time="0.293" /><testcase classname="backend.tests.test_stats" name="test_stats_baseline_and_shape" time="0.099" /><testcase classname="backend.tests.test_stats" name="test_stats_monotonic_after_new_quiz" time="0.263" /><testcase classname="backend.tests.test_stats" name="test_stats_rate_limit_429" time="2.794" /><testcase classname="backend.tests.test_stats" name="test_robots_and_sitemap_reachable" time="0.221" /><testcase classname="backend.tests.test_tiers" name="test_checkout_tier_amount[starter-79]" time="0.146" /><testcase classname="backend.tests.test_tiers" name="test_checkout_tier_amount[pro-199]" time="0.148" /><testcase classname="backend.tests.test_tiers" name="test_checkout_tier_amount[bundle-399]" time="0.144" /><testcase classname="backend.tests.test_tiers" name="test_checkout_invalid_tier_defaults_to_pro" time="0.170" /><testcase classname="backend.tests.test_tiers" name="test_checkout_no_tier_defaults_to_pro" time="0.168" /><testcase classname="backend.tests.test_tiers" name="test_report_contains_tier_fields[starter-79-1]" time="0.188" /><testcase classname="backend.tests.test_tiers" name="test_report_contains_tier_fields[pro-199-1]" time="0.188" /><testcase classname="backend.tests.test_tiers" name="test_report_contains_tier_fields[bundle-399-5]" time="0.195" /><testcase classname="backend.tests.test_tiers" name="test_report_still_402_without_payment" time="0.160" /></testsuite></testsuites>