<?xml version="1.0" encoding="utf-8"?><testsuites name="pytest tests"><testsuite name="pytest" errors="0" failures="0" skipped="0" tests="21" time="6.009" timestamp="2026-04-23T11:38:57.165491+00:00" hostname="agent-env-9febb044-e58d-4f2c-8fd7-45f8f9ad7fc9"><testcase classname="backend.tests.test_stats" name="test_stats_baseline_and_shape" time="0.196" /><testcase classname="backend.tests.test_stats" name="test_stats_monotonic_after_new_quiz" time="0.313" /><testcase classname="backend.tests.test_stats" name="test_stats_rate_limit_429" time="2.876" /><testcase classname="backend.tests.test_stats" name="test_robots_and_sitemap_reachable" time="0.221" /><testcase classname="backend.tests.test_backend" name="test_root" time="0.117" /><testcase classname="backend.tests.test_backend" name="test_quiz_classification[overrides0-prohibited]" time="0.140" /><testcase classname="backend.tests.test_backend" name="test_quiz_classification[overrides1-high_risk]" time="0.110" /><testcase classname="backend.tests.test_backend" name="test_quiz_classification[overrides2-gpai]" time="0.112" /><testcase classname="backend.tests.test_backend" name="test_quiz_classification[overrides3-limited]" time="0.096" /><testcase classname="backend.tests.test_backend" name="test_quiz_classification[overrides4-minimal]" time="0.109" /><testcase classname="backend.tests.test_backend" name="test_quiz_classification[overrides5-minimal]" time="0.108" /><testcase classname="backend.tests.test_backend" name="test_get_result_persistence" time="0.181" /><testcase classname="backend.tests.test_backend" name="test_get_result_404" time="0.108" /><testcase classname="backend.tests.test_backend" name="test_dpdp_findings" time="0.111" /><testcase classname="backend.tests.test_backend" name="test_dpdp_disabled_no_findings" time="0.117" /><testcase classname="backend.tests.test_backend" name="test_report_requires_payment" time="0.143" /><testcase classname="backend.tests.test_backend" name="test_checkout_and_full_report_high_risk" time="0.243" /><testcase classname="backend.tests.test_backend" name="test_fria_none_for_non_high_risk" time="0.191" /><testcase classname="backend.tests.test_backend" name="test_checkout_invalid_session" time="0.107" /><testcase classname="backend.tests.test_backend" name="test_subscribe" time="0.118" /><testcase classname="backend.tests.test_backend" name="test_subscribe_invalid_email" time="0.101" /></testsuite></testsuites>